<?xml version="1.0" encoding="UTF-8"?><testsuite errors="1" failures="0" name="Login" skipped="0" tests="1" time="0.15" timestamp="2022-04-01 03:55:46"><testcase name=""><error message="Arity mismatch: Step Definition 'com.liseth2810.app.pageobject.stepdefinitions.LoginStepDefinitions.lisethLoginToTheEribankApplicationWithCompanyAndCompany(String,String) in file:/D:/Appium/retomovil/build/classes/java/test/' with pattern [^liseth login to the Eribank application with company and company$] is declared with 2 parameters. However, the gherkin step has 0 arguments []. &#10;Step text: liseth login to the Eribank application with company and company" type="cucumber.runtime.CucumberException">Arity mismatch: Step Definition 'com.liseth2810.app.pageobject.stepdefinitions.LoginStepDefinitions.lisethLoginToTheEribankApplicationWithCompanyAndCompany(String,String) in file:/D:/Appium/retomovil/build/classes/java/test/' with pattern [^liseth login to the Eribank application with company and company$] is declared with 2 parameters. However, the gherkin step has 0 arguments []. 
Step text: liseth login to the Eribank application with company and company</error><system-err>Arity mismatch: Step Definition 'com.liseth2810.app.pageobject.stepdefinitions.LoginStepDefinitions.lisethLoginToTheEribankApplicationWithCompanyAndCompany(String,String) in file:/D:/Appium/retomovil/build/classes/java/test/' with pattern [^liseth login to the Eribank application with company and company$] is declared with 2 parameters. However, the gherkin step has 0 arguments []. 
Step text: liseth login to the Eribank application with company and company&#13;
cucumber.runner.Runner.runPickle(Runner.java:80)&#13;
</system-err></testcase></testsuite>